  CameraManager.cpp
  Collision.cpp
  CollisionManager.cpp
  CollisionSection.cpp
  Camera.cpp
  Collider.cpp
  ColliderCircle.cpp
  ColliderLine.cpp
  ColliderOBB2D.cpp
  ColliderPixel.cpp
  ColliderPoint.cpp
  ColliderRect.cpp
  Component.cpp
  Mesh2DComponent.cpp
  ObjComponent.cpp
  Particle.cpp
  Renderer.cpp
  SceneComponent.cpp
  Sound.cpp
  SpriteComponent.cpp
  Compiling...
  StaticMeshComponent.cpp
  Transform.cpp
  Device.cpp
  Engine.cpp
  FontManager.cpp
  GameMode.cpp
  Input.cpp
  InputObj.cpp
  Instancing.cpp
  Layer.cpp
  Obj.cpp
  PathManager.cpp
  Ref.cpp
  RenderManager.cpp
  BlendState.cpp
  DepthStencilState.cpp
  RasterizerState.cpp
  RenderState.cpp
  Animation2DNotify.cpp
  Animation2DSequence.cpp
  Compiling...
  ComputeShader.cpp
  GraphicShader.cpp
  Material.cpp
  Mesh.cpp
  Mesh2D.cpp
  ResourceManager.cpp
  Shader.cpp
  ShaderManager.cpp
  StaticMesh.cpp
  Texture.cpp
  Scene.cpp
  SceneManager.cpp
  SceneResource.cpp
  SoundManager.cpp
  Tile.cpp
  TileMap.cpp
  Timer.cpp
  Bar.cpp
  CheckBox.cpp
  MouseObj.cpp
  Compiling...
  Panel.cpp
  Radio.cpp
  Slider.cpp
  TitleBar.cpp
  UIButton.cpp
  UIControl.cpp
  UIFont.cpp
  UIImage.cpp
  UIManager.cpp
  UIObject.cpp
  UISprite.cpp
  GameEngine.vcxproj -> C:\Users\gu\source\repos\DirectX11FrameWork2-master\DirectX11FrameWork2-master\GameEngine\Bin\GameEngine.lib
  0 File(s) copied
  File not found - *.inl
  0 File(s) copied
  0 File(s) copied
  .\GameEngine\Bin\GameEngine.lib
  1 File(s) copied
  .\GameEngine\Bin\GameEngine.lib
  1 File(s) copied
  .\GameEngine\Bin\GameEngine.lib
  1 File(s) copied
  0 File(s) copied
  0 File(s) copied
  0 File(s) copied
  0 File(s) copied
  0 File(s) copied
  0 File(s) copied
