  MainGameMode.cpp
     Creating library ../Bin/GameClient.lib and object ../Bin/GameClient.exp
  Generating code
  1 of 12422 functions (<0.1%) were compiled, the rest were copied from previous compilation.
    0 functions were new in current compilation
    123 functions had inline decision re-evaluated but remain unchanged
  Finished generating code
DirectXTex.lib(BC.obj) : warning LNK4099: PDB 'DirectXTex.pdb' was not found with 'DirectXTex.lib(BC.obj)' or at 'C:\Users\gu\source\repos\DirectX11FrameWork2-master\DirectX11FrameWork2-master\GameClient\Bin\DirectXTex.pdb'; linking object as if no debug info
DirectXTex.lib(BC4BC5.obj) : warning LNK4099: PDB 'DirectXTex.pdb' was not found with 'DirectXTex.lib(BC4BC5.obj)' or at 'C:\Users\gu\source\repos\DirectX11FrameWork2-master\DirectX11FrameWork2-master\GameClient\Bin\DirectXTex.pdb'; linking object as if no debug info
DirectXTex.lib(BC6HBC7.obj) : warning LNK4099: PDB 'DirectXTex.pdb' was not found with 'DirectXTex.lib(BC6HBC7.obj)' or at 'C:\Users\gu\source\repos\DirectX11FrameWork2-master\DirectX11FrameWork2-master\GameClient\Bin\DirectXTex.pdb'; linking object as if no debug info
DirectXTex.lib(DirectXTexCompress.obj) : warning LNK4099: PDB 'DirectXTex.pdb' was not found with 'DirectXTex.lib(DirectXTexCompress.obj)' or at 'C:\Users\gu\source\repos\DirectX11FrameWork2-master\DirectX11FrameWork2-master\GameClient\Bin\DirectXTex.pdb'; linking object as if no debug info
DirectXTex.lib(DirectXTexConvert.obj) : warning LNK4099: PDB 'DirectXTex.pdb' was not found with 'DirectXTex.lib(DirectXTexConvert.obj)' or at 'C:\Users\gu\source\repos\DirectX11FrameWork2-master\DirectX11FrameWork2-master\GameClient\Bin\DirectXTex.pdb'; linking object as if no debug info
DirectXTex.lib(DirectXTexD3D11.obj) : warning LNK4099: PDB 'DirectXTex.pdb' was not found with 'DirectXTex.lib(DirectXTexD3D11.obj)' or at 'C:\Users\gu\source\repos\DirectX11FrameWork2-master\DirectX11FrameWork2-master\GameClient\Bin\DirectXTex.pdb'; linking object as if no debug info
DirectXTex.lib(DirectXTexDDS.obj) : warning LNK4099: PDB 'DirectXTex.pdb' was not found with 'DirectXTex.lib(DirectXTexDDS.obj)' or at 'C:\Users\gu\source\repos\DirectX11FrameWork2-master\DirectX11FrameWork2-master\GameClient\Bin\DirectXTex.pdb'; linking object as if no debug info
DirectXTex.lib(DirectXTexImage.obj) : warning LNK4099: PDB 'DirectXTex.pdb' was not found with 'DirectXTex.lib(DirectXTexImage.obj)' or at 'C:\Users\gu\source\repos\DirectX11FrameWork2-master\DirectX11FrameWork2-master\GameClient\Bin\DirectXTex.pdb'; linking object as if no debug info
DirectXTex.lib(DirectXTexMipMaps.obj) : warning LNK4099: PDB 'DirectXTex.pdb' was not found with 'DirectXTex.lib(DirectXTexMipMaps.obj)' or at 'C:\Users\gu\source\repos\DirectX11FrameWork2-master\DirectX11FrameWork2-master\GameClient\Bin\DirectXTex.pdb'; linking object as if no debug info
DirectXTex.lib(DirectXTexTGA.obj) : warning LNK4099: PDB 'DirectXTex.pdb' was not found with 'DirectXTex.lib(DirectXTexTGA.obj)' or at 'C:\Users\gu\source\repos\DirectX11FrameWork2-master\DirectX11FrameWork2-master\GameClient\Bin\DirectXTex.pdb'; linking object as if no debug info
DirectXTex.lib(DirectXTexUtil.obj) : warning LNK4099: PDB 'DirectXTex.pdb' was not found with 'DirectXTex.lib(DirectXTexUtil.obj)' or at 'C:\Users\gu\source\repos\DirectX11FrameWork2-master\DirectX11FrameWork2-master\GameClient\Bin\DirectXTex.pdb'; linking object as if no debug info
DirectXTex.lib(DirectXTexWIC.obj) : warning LNK4099: PDB '' was not found with 'DirectXTex.lib(DirectXTexWIC.obj)' or at ''; linking object as if no debug info
  GameClient.vcxproj -> C:\Users\gu\source\repos\DirectX11FrameWork2-master\DirectX11FrameWork2-master\GameClient\Bin\GameClient.exe
