c:\users\gu\source\repos\directx11framework2-master\directx11framework2-master\gameclient\binobj_debug\vc142.pdb
c:\users\gu\source\repos\directx11framework2-master\directx11framework2-master\gameclient\binobj_debug\vc142.idb
c:\users\gu\source\repos\directx11framework2-master\directx11framework2-master\gameclient\binobj_debug\tinystr.obj
c:\users\gu\source\repos\directx11framework2-master\directx11framework2-master\gameclient\binobj_debug\uibar.obj
c:\users\gu\source\repos\directx11framework2-master\directx11framework2-master\gameclient\binobj_debug\radioobj.obj
c:\users\gu\source\repos\directx11framework2-master\directx11framework2-master\gameclient\binobj_debug\missile.obj
c:\users\gu\source\repos\directx11framework2-master\directx11framework2-master\gameclient\binobj_debug\checkobj.obj
c:\users\gu\source\repos\directx11framework2-master\directx11framework2-master\gameclient\binobj_debug\button.obj
c:\users\gu\source\repos\directx11framework2-master\directx11framework2-master\gameclient\binobj_debug\player.obj
c:\users\gu\source\repos\directx11framework2-master\directx11framework2-master\gameclient\binobj_debug\minion.obj
c:\users\gu\source\repos\directx11framework2-master\directx11framework2-master\gameclient\binobj_debug\icicle.obj
c:\users\gu\source\repos\directx11framework2-master\directx11framework2-master\gameclient\binobj_debug\iceball.obj
c:\users\gu\source\repos\directx11framework2-master\directx11framework2-master\gameclient\binobj_debug\effect.obj
c:\users\gu\source\repos\directx11framework2-master\directx11framework2-master\gameclient\binobj_debug\colossus.obj
c:\users\gu\source\repos\directx11framework2-master\directx11framework2-master\gameclient\binobj_debug\bullet.obj
c:\users\gu\source\repos\directx11framework2-master\directx11framework2-master\gameclient\binobj_debug\bow.obj
c:\users\gu\source\repos\directx11framework2-master\directx11framework2-master\gameclient\binobj_debug\arrow.obj
c:\users\gu\source\repos\directx11framework2-master\directx11framework2-master\gameclient\binobj_debug\tilemode.obj
c:\users\gu\source\repos\directx11framework2-master\directx11framework2-master\gameclient\binobj_debug\startgamemode.obj
c:\users\gu\source\repos\directx11framework2-master\directx11framework2-master\gameclient\binobj_debug\maingamemode.obj
c:\users\gu\source\repos\directx11framework2-master\directx11framework2-master\gameclient\binobj_debug\colossusmode.obj
c:\users\gu\source\repos\directx11framework2-master\directx11framework2-master\gameclient\binobj_debug\client.obj
c:\users\gu\source\repos\directx11framework2-master\directx11framework2-master\gameclient\binobj_debug\main.obj
c:\users\gu\source\repos\directx11framework2-master\directx11framework2-master\gameclient\binobj_debug\tinyxmlparser.obj
c:\users\gu\source\repos\directx11framework2-master\directx11framework2-master\gameclient\binobj_debug\tinyxmlerror.obj
c:\users\gu\source\repos\directx11framework2-master\directx11framework2-master\gameclient\binobj_debug\tinyxml.obj
c:\users\gu\source\repos\directx11framework2-master\directx11framework2-master\gameclient\bin\gameclient_debug.lib
c:\users\gu\source\repos\directx11framework2-master\directx11framework2-master\gameclient\bin\gameclient_debug.exp
c:\users\gu\source\repos\directx11framework2-master\directx11framework2-master\gameclient\binobj_debug\../bin/gameclient_debug.pdb
c:\users\gu\source\repos\directx11framework2-master\directx11framework2-master\gameclient\binobj_debug\gameclient.tlog\cl.command.1.tlog
c:\users\gu\source\repos\directx11framework2-master\directx11framework2-master\gameclient\binobj_debug\gameclient.tlog\cl.read.1.tlog
c:\users\gu\source\repos\directx11framework2-master\directx11framework2-master\gameclient\binobj_debug\gameclient.tlog\cl.write.1.tlog
c:\users\gu\source\repos\directx11framework2-master\directx11framework2-master\gameclient\binobj_debug\gameclient.tlog\gameclient.write.1u.tlog
c:\users\gu\source\repos\directx11framework2-master\directx11framework2-master\gameclient\binobj_debug\gameclient.tlog\link-cvtres.read.1.tlog
c:\users\gu\source\repos\directx11framework2-master\directx11framework2-master\gameclient\binobj_debug\gameclient.tlog\link-cvtres.write.1.tlog
c:\users\gu\source\repos\directx11framework2-master\directx11framework2-master\gameclient\binobj_debug\gameclient.tlog\link-rc.read.1.tlog
c:\users\gu\source\repos\directx11framework2-master\directx11framework2-master\gameclient\binobj_debug\gameclient.tlog\link-rc.write.1.tlog
c:\users\gu\source\repos\directx11framework2-master\directx11framework2-master\gameclient\binobj_debug\gameclient.tlog\link.14652-cvtres.read.1.tlog
c:\users\gu\source\repos\directx11framework2-master\directx11framework2-master\gameclient\binobj_debug\gameclient.tlog\link.14652-cvtres.write.1.tlog
c:\users\gu\source\repos\directx11framework2-master\directx11framework2-master\gameclient\binobj_debug\gameclient.tlog\link.14652-rc.read.1.tlog
c:\users\gu\source\repos\directx11framework2-master\directx11framework2-master\gameclient\binobj_debug\gameclient.tlog\link.14652-rc.write.1.tlog
c:\users\gu\source\repos\directx11framework2-master\directx11framework2-master\gameclient\binobj_debug\gameclient.tlog\link.14652.read.1.tlog
c:\users\gu\source\repos\directx11framework2-master\directx11framework2-master\gameclient\binobj_debug\gameclient.tlog\link.14652.write.1.tlog
c:\users\gu\source\repos\directx11framework2-master\directx11framework2-master\gameclient\binobj_debug\gameclient.tlog\link.command.1.tlog
c:\users\gu\source\repos\directx11framework2-master\directx11framework2-master\gameclient\binobj_debug\gameclient.tlog\link.read.1.tlog
c:\users\gu\source\repos\directx11framework2-master\directx11framework2-master\gameclient\binobj_debug\gameclient.tlog\link.write.1.tlog
