c:\users\gu\source\repos\directx11framework2-master\directx11framework2-master\gameeditor\binobj_debug\vc142.pdb
c:\users\gu\source\repos\directx11framework2-master\directx11framework2-master\gameeditor\binobj_debug\vc142.idb
c:\users\gu\source\repos\directx11framework2-master\directx11framework2-master\gameeditor\binobj_debug\button.obj
c:\users\gu\source\repos\directx11framework2-master\directx11framework2-master\gameeditor\binobj_debug\player.obj
c:\users\gu\source\repos\directx11framework2-master\directx11framework2-master\gameeditor\binobj_debug\minion.obj
c:\users\gu\source\repos\directx11framework2-master\directx11framework2-master\gameeditor\binobj_debug\icicle.obj
c:\users\gu\source\repos\directx11framework2-master\directx11framework2-master\gameeditor\binobj_debug\iceball.obj
c:\users\gu\source\repos\directx11framework2-master\directx11framework2-master\gameeditor\binobj_debug\effect.obj
c:\users\gu\source\repos\directx11framework2-master\directx11framework2-master\gameeditor\binobj_debug\colossus.obj
c:\users\gu\source\repos\directx11framework2-master\directx11framework2-master\gameeditor\binobj_debug\bullet.obj
c:\users\gu\source\repos\directx11framework2-master\directx11framework2-master\gameeditor\binobj_debug\bow.obj
c:\users\gu\source\repos\directx11framework2-master\directx11framework2-master\gameeditor\binobj_debug\arrow.obj
c:\users\gu\source\repos\directx11framework2-master\directx11framework2-master\gameeditor\binobj_debug\tilemode.obj
c:\users\gu\source\repos\directx11framework2-master\directx11framework2-master\gameeditor\binobj_debug\startgamemode.obj
c:\users\gu\source\repos\directx11framework2-master\directx11framework2-master\gameeditor\binobj_debug\maingamemode.obj
c:\users\gu\source\repos\directx11framework2-master\directx11framework2-master\gameeditor\binobj_debug\colossusmode.obj
c:\users\gu\source\repos\directx11framework2-master\directx11framework2-master\gameeditor\binobj_debug\client.obj
c:\users\gu\source\repos\directx11framework2-master\directx11framework2-master\gameeditor\binobj_debug\clientinstance.obj
c:\users\gu\source\repos\directx11framework2-master\directx11framework2-master\gameeditor\binobj_debug\clientcreatesystem.obj
c:\users\gu\source\repos\directx11framework2-master\directx11framework2-master\gameeditor\binobj_debug\attackstate.obj
c:\users\gu\source\repos\directx11framework2-master\directx11framework2-master\gameeditor\binobj_debug\worlddlg.obj
c:\users\gu\source\repos\directx11framework2-master\directx11framework2-master\gameeditor\binobj_debug\viewmanager.obj
c:\users\gu\source\repos\directx11framework2-master\directx11framework2-master\gameeditor\binobj_debug\tinyxmlparser.obj
c:\users\gu\source\repos\directx11framework2-master\directx11framework2-master\gameeditor\binobj_debug\tinyxmlerror.obj
c:\users\gu\source\repos\directx11framework2-master\directx11framework2-master\gameeditor\binobj_debug\tinyxml.obj
c:\users\gu\source\repos\directx11framework2-master\directx11framework2-master\gameeditor\binobj_debug\tinystr.obj
c:\users\gu\source\repos\directx11framework2-master\directx11framework2-master\gameeditor\binobj_debug\stopstate.obj
c:\users\gu\source\repos\directx11framework2-master\directx11framework2-master\gameeditor\binobj_debug\state.obj
c:\users\gu\source\repos\directx11framework2-master\directx11framework2-master\gameeditor\binobj_debug\sleepstate.obj
c:\users\gu\source\repos\directx11framework2-master\directx11framework2-master\gameeditor\binobj_debug\idlestate.obj
c:\users\gu\source\repos\directx11framework2-master\directx11framework2-master\gameeditor\binobj_debug\diestate.obj
c:\users\gu\source\repos\directx11framework2-master\directx11framework2-master\gameeditor\binobj_debug\detaildlg.obj
c:\users\gu\source\repos\directx11framework2-master\directx11framework2-master\gameeditor\binobj_debug\uibar.obj
c:\users\gu\source\repos\directx11framework2-master\directx11framework2-master\gameeditor\binobj_debug\radioobj.obj
c:\users\gu\source\repos\directx11framework2-master\directx11framework2-master\gameeditor\binobj_debug\missile.obj
c:\users\gu\source\repos\directx11framework2-master\directx11framework2-master\gameeditor\binobj_debug\checkobj.obj
c:\users\gu\source\repos\directx11framework2-master\directx11framework2-master\gameeditor\binobj_debug\brainfreeze.obj
c:\users\gu\source\repos\directx11framework2-master\directx11framework2-master\gameeditor\binobj_debug\eyecube.obj
c:\users\gu\source\repos\directx11framework2-master\directx11framework2-master\gameeditor\binobj_debug\gameeditorview.obj
c:\users\gu\source\repos\directx11framework2-master\directx11framework2-master\gameeditor\binobj_debug\gameeditordoc.obj
c:\users\gu\source\repos\directx11framework2-master\directx11framework2-master\gameeditor\binobj_debug\gameeditor.obj
c:\users\gu\source\repos\directx11framework2-master\directx11framework2-master\gameeditor\binobj_debug\aniedit.obj
c:\users\gu\source\repos\directx11framework2-master\directx11framework2-master\gameeditor\binobj_debug\firebutton.obj
c:\users\gu\source\repos\directx11framework2-master\directx11framework2-master\gameeditor\binobj_debug\fire.obj
c:\users\gu\source\repos\directx11framework2-master\directx11framework2-master\gameeditor\binobj_debug\brainmode.obj
c:\users\gu\source\repos\directx11framework2-master\directx11framework2-master\gameeditor\binobj_debug\soul.obj
c:\users\gu\source\repos\directx11framework2-master\directx11framework2-master\gameeditor\binobj_debug\light.obj
c:\users\gu\source\repos\directx11framework2-master\directx11framework2-master\gameeditor\binobj_debug\soulmonster.obj
c:\users\gu\source\repos\directx11framework2-master\directx11framework2-master\gameeditor\binobj_debug\eyecubemode.obj
c:\users\gu\source\repos\directx11framework2-master\directx11framework2-master\gameeditor\binobj_debug\bossmanager.obj
c:\users\gu\source\repos\directx11framework2-master\directx11framework2-master\gameeditor\binobj_debug\endgamemode.obj
c:\users\gu\source\repos\directx11framework2-master\directx11framework2-master\gameeditor\binobj_debug\gameeditor_debug.pch
c:\users\gu\source\repos\directx11framework2-master\directx11framework2-master\gameeditor\binobj_debug\mainfrm.obj
c:\users\gu\source\repos\directx11framework2-master\directx11framework2-master\gameeditor\binobj_debug\pch.obj
c:\users\gu\source\repos\directx11framework2-master\directx11framework2-master\gameeditor\bin\gameeditor_debug.lib
c:\users\gu\source\repos\directx11framework2-master\directx11framework2-master\gameeditor\bin\gameeditor_debug.exp
c:\users\gu\source\repos\directx11framework2-master\directx11framework2-master\gameeditor\bin\gameeditor_debug.exe
c:\users\gu\source\repos\directx11framework2-master\directx11framework2-master\gameeditor\bin\gameeditor_debug.ilk
c:\users\gu\source\repos\directx11framework2-master\directx11framework2-master\gameeditor\bin\gameeditor_debug.pdb
c:\users\gu\source\repos\directx11framework2-master\directx11framework2-master\gameeditor\binobj_debug\gameeditor.res
c:\users\gu\source\repos\directx11framework2-master\directx11framework2-master\gameeditor\binobj_debug\endgamemode.obj.enc
c:\users\gu\source\repos\directx11framework2-master\directx11framework2-master\gameeditor\binobj_debug\player.obj.enc
c:\users\gu\source\repos\directx11framework2-master\directx11framework2-master\gameeditor\binobj_debug\../bin/gameeditor_debug.pdb
c:\users\gu\source\repos\directx11framework2-master\directx11framework2-master\gameeditor\binobj_debug\../bin/gameeditor_debug.ilk
c:\users\gu\source\repos\directx11framework2-master\directx11framework2-master\gameeditor\binobj_debug\gameeditor.tlog\cl.command.1.tlog
c:\users\gu\source\repos\directx11framework2-master\directx11framework2-master\gameeditor\binobj_debug\gameeditor.tlog\cl.read.1.tlog
c:\users\gu\source\repos\directx11framework2-master\directx11framework2-master\gameeditor\binobj_debug\gameeditor.tlog\cl.write.1.tlog
c:\users\gu\source\repos\directx11framework2-master\directx11framework2-master\gameeditor\binobj_debug\gameeditor.tlog\gameeditor.write.1u.tlog
c:\users\gu\source\repos\directx11framework2-master\directx11framework2-master\gameeditor\binobj_debug\gameeditor.tlog\link.command.1.tlog
c:\users\gu\source\repos\directx11framework2-master\directx11framework2-master\gameeditor\binobj_debug\gameeditor.tlog\link.read.1.tlog
c:\users\gu\source\repos\directx11framework2-master\directx11framework2-master\gameeditor\binobj_debug\gameeditor.tlog\link.write.1.tlog
c:\users\gu\source\repos\directx11framework2-master\directx11framework2-master\gameeditor\binobj_debug\gameeditor.tlog\rc.command.1.tlog
c:\users\gu\source\repos\directx11framework2-master\directx11framework2-master\gameeditor\binobj_debug\gameeditor.tlog\rc.read.1.tlog
c:\users\gu\source\repos\directx11framework2-master\directx11framework2-master\gameeditor\binobj_debug\gameeditor.tlog\rc.write.1.tlog
